{"level":"\u001b[32minfo\u001b[39m","message":"\u001b[32mEmail transporter initialized\u001b[39m","timestamp":"2025-09-01 06:24:15:2415"}
{"level":"\u001b[32minfo\u001b[39m","message":"\u001b[32mEmail transporter initialized\u001b[39m","timestamp":"2025-09-01 06:26:28:2628"}
{"level":"\u001b[32minfo\u001b[39m","message":"\u001b[32mEmail transporter initialized\u001b[39m","timestamp":"2025-09-01 06:26:48:2648"}
{"level":"\u001b[32minfo\u001b[39m","message":"\u001b[32mEmail transporter initialized\u001b[39m","timestamp":"2025-09-01 06:28:54:2854"}
{"level":"\u001b[32minfo\u001b[39m","message":"\u001b[32mEmail transporter initialized\u001b[39m","timestamp":"2025-09-01 06:28:55:2855"}
{"level":"\u001b[32minfo\u001b[39m","message":"\u001b[32mEmail transporter initialized\u001b[39m","timestamp":"2025-09-01 06:28:55:2855"}
{"level":"\u001b[32minfo\u001b[39m","message":"\u001b[32mEmail transporter initialized\u001b[39m","timestamp":"2025-09-01 06:28:55:2855"}
{"level":"\u001b[32minfo\u001b[39m","message":"\u001b[32mInitializing governance services...\u001b[39m","timestamp":"2025-09-01 06:28:55:2855"}
{"level":"\u001b[32minfo\u001b[39m","message":"\u001b[32mEmail transporter initialized\u001b[39m","timestamp":"2025-09-01 06:28:55:2855"}
{"level":"\u001b[32minfo\u001b[39m","message":"\u001b[32mStarting Workflow Engine...\u001b[39m","timestamp":"2025-09-01 06:28:55:2855"}
{"level":"\u001b[32minfo\u001b[39m","message":"\u001b[32mLoaded 2 notification templates\u001b[39m","timestamp":"2025-09-01 06:28:55:2855"}
{"level":"\u001b[32minfo\u001b[39m","message":"\u001b[32mLoaded 2 notification templates\u001b[39m","timestamp":"2025-09-01 06:28:55:2855"}
{"level":"\u001b[32minfo\u001b[39m","message":"\u001b[32mLoaded 2 notification templates\u001b[39m","timestamp":"2025-09-01 06:28:55:2855"}
{"level":"\u001b[32minfo\u001b[39m","message":"\u001b[32mLoaded 2 notification templates\u001b[39m","timestamp":"2025-09-01 06:28:55:2855"}
{"level":"\u001b[32minfo\u001b[39m","message":"\u001b[32mLoaded 2 notification templates\u001b[39m","timestamp":"2025-09-01 06:28:55:2855"}
{"level":"\u001b[32minfo\u001b[39m","message":"\u001b[32mLoaded 0 active workflow instances\u001b[39m","timestamp":"2025-09-01 06:28:55:2855"}
{"level":"\u001b[32minfo\u001b[39m","message":"\u001b[32mEmail transporter initialized\u001b[39m","timestamp":"2025-09-01 06:30:18:3018"}
{"level":"\u001b[32minfo\u001b[39m","message":"\u001b[32mEmail transporter initialized\u001b[39m","timestamp":"2025-09-01 06:30:18:3018"}
{"level":"\u001b[32minfo\u001b[39m","message":"\u001b[32mEmail transporter initialized\u001b[39m","timestamp":"2025-09-01 06:30:18:3018"}
{"level":"\u001b[32minfo\u001b[39m","message":"\u001b[32mEmail transporter initialized\u001b[39m","timestamp":"2025-09-01 06:30:18:3018"}
{"level":"\u001b[32minfo\u001b[39m","message":"\u001b[32mInitializing governance services...\u001b[39m","timestamp":"2025-09-01 06:30:18:3018"}
{"level":"\u001b[32minfo\u001b[39m","message":"\u001b[32mEmail transporter initialized\u001b[39m","timestamp":"2025-09-01 06:30:18:3018"}
{"level":"\u001b[32minfo\u001b[39m","message":"\u001b[32mStarting Workflow Engine...\u001b[39m","timestamp":"2025-09-01 06:30:18:3018"}
{"level":"\u001b[32minfo\u001b[39m","message":"\u001b[32mLoaded 0 active workflow instances\u001b[39m","timestamp":"2025-09-01 06:30:18:3018"}
{"level":"\u001b[32minfo\u001b[39m","message":"\u001b[32mEmail transporter initialized\u001b[39m","timestamp":"2025-09-01 06:30:34:3034"}
{"level":"\u001b[32minfo\u001b[39m","message":"\u001b[32mEmail transporter initialized\u001b[39m","timestamp":"2025-09-01 06:30:34:3034"}
{"level":"\u001b[32minfo\u001b[39m","message":"\u001b[32mEmail transporter initialized\u001b[39m","timestamp":"2025-09-01 06:30:34:3034"}
{"level":"\u001b[32minfo\u001b[39m","message":"\u001b[32mEmail transporter initialized\u001b[39m","timestamp":"2025-09-01 06:30:34:3034"}
{"level":"\u001b[32minfo\u001b[39m","message":"\u001b[32mInitializing governance services...\u001b[39m","timestamp":"2025-09-01 06:30:34:3034"}
{"level":"\u001b[32minfo\u001b[39m","message":"\u001b[32mEmail transporter initialized\u001b[39m","timestamp":"2025-09-01 06:30:34:3034"}
{"level":"\u001b[32minfo\u001b[39m","message":"\u001b[32mStarting Workflow Engine...\u001b[39m","timestamp":"2025-09-01 06:30:34:3034"}
{"level":"\u001b[32minfo\u001b[39m","message":"\u001b[32mLoaded 0 active workflow instances\u001b[39m","timestamp":"2025-09-01 06:30:34:3034"}
{"level":"\u001b[32minfo\u001b[39m","message":"\u001b[32mEmail transporter initialized\u001b[39m","timestamp":"2025-09-01 06:33:12:3312"}
{"level":"\u001b[32minfo\u001b[39m","message":"\u001b[32mEmail transporter initialized\u001b[39m","timestamp":"2025-09-01 06:33:12:3312"}
{"level":"\u001b[32minfo\u001b[39m","message":"\u001b[32mEmail transporter initialized\u001b[39m","timestamp":"2025-09-01 06:33:12:3312"}
{"level":"\u001b[32minfo\u001b[39m","message":"\u001b[32mEmail transporter initialized\u001b[39m","timestamp":"2025-09-01 06:33:12:3312"}
{"level":"\u001b[32minfo\u001b[39m","message":"\u001b[32mInitializing governance services...\u001b[39m","timestamp":"2025-09-01 06:33:12:3312"}
{"level":"\u001b[32minfo\u001b[39m","message":"\u001b[32mEmail transporter initialized\u001b[39m","timestamp":"2025-09-01 06:33:12:3312"}
{"level":"\u001b[32minfo\u001b[39m","message":"\u001b[32mStarting Workflow Engine...\u001b[39m","timestamp":"2025-09-01 06:33:12:3312"}
{"level":"\u001b[32minfo\u001b[39m","message":"\u001b[32mLoaded 2 notification templates\u001b[39m","timestamp":"2025-09-01 06:33:13:3313"}
{"level":"\u001b[32minfo\u001b[39m","message":"\u001b[32mLoaded 2 notification templates\u001b[39m","timestamp":"2025-09-01 06:33:13:3313"}
{"level":"\u001b[32minfo\u001b[39m","message":"\u001b[32mEmail transporter initialized\u001b[39m","timestamp":"2025-09-01 06:35:08:358"}
{"level":"\u001b[32minfo\u001b[39m","message":"\u001b[32mEmail transporter initialized\u001b[39m","timestamp":"2025-09-01 06:35:08:358"}
{"level":"\u001b[32minfo\u001b[39m","message":"\u001b[32mEmail transporter initialized\u001b[39m","timestamp":"2025-09-01 06:35:08:358"}
{"level":"\u001b[32minfo\u001b[39m","message":"\u001b[32mEmail transporter initialized\u001b[39m","timestamp":"2025-09-01 06:35:08:358"}
{"level":"\u001b[32minfo\u001b[39m","message":"\u001b[32mInitializing governance services...\u001b[39m","timestamp":"2025-09-01 06:35:08:358"}
{"level":"\u001b[32minfo\u001b[39m","message":"\u001b[32mEmail transporter initialized\u001b[39m","timestamp":"2025-09-01 06:35:08:358"}
{"level":"\u001b[32minfo\u001b[39m","message":"\u001b[32mStarting Workflow Engine...\u001b[39m","timestamp":"2025-09-01 06:35:08:358"}
{"level":"\u001b[32minfo\u001b[39m","message":"\u001b[32mLoaded 2 notification templates\u001b[39m","timestamp":"2025-09-01 06:35:08:358"}
{"level":"\u001b[32minfo\u001b[39m","message":"\u001b[32mLoaded 2 notification templates\u001b[39m","timestamp":"2025-09-01 06:35:08:358"}
{"level":"\u001b[32minfo\u001b[39m","message":"\u001b[32mLoaded 2 notification templates\u001b[39m","timestamp":"2025-09-01 06:35:08:358"}
{"level":"\u001b[32minfo\u001b[39m","message":"\u001b[32mLoaded 2 notification templates\u001b[39m","timestamp":"2025-09-01 06:35:08:358"}
{"level":"\u001b[32minfo\u001b[39m","message":"\u001b[32mLoaded 2 notification templates\u001b[39m","timestamp":"2025-09-01 06:35:08:358"}
{"level":"\u001b[32minfo\u001b[39m","message":"\u001b[32mLoaded 0 active workflow instances\u001b[39m","timestamp":"2025-09-01 06:35:08:358"}
{"level":"\u001b[32minfo\u001b[39m","message":"\u001b[32mWorkflow Engine started successfully\u001b[39m","timestamp":"2025-09-01 06:35:08:358"}
{"level":"\u001b[32minfo\u001b[39m","message":"\u001b[32mStarting Analytics Engine...\u001b[39m","timestamp":"2025-09-01 06:35:08:358"}
{"level":"\u001b[32minfo\u001b[39m","message":"\u001b[32mLoaded 1 analytics models\u001b[39m","timestamp":"2025-09-01 06:35:09:359"}
{"level":"\u001b[32minfo\u001b[39m","message":"\u001b[32mEmail transporter initialized\u001b[39m","timestamp":"2025-09-01 06:38:34:3834"}
{"level":"\u001b[32minfo\u001b[39m","message":"\u001b[32mEmail transporter initialized\u001b[39m","timestamp":"2025-09-01 06:38:34:3834"}
{"level":"\u001b[32minfo\u001b[39m","message":"\u001b[32mEmail transporter initialized\u001b[39m","timestamp":"2025-09-01 06:38:34:3834"}
{"level":"\u001b[32minfo\u001b[39m","message":"\u001b[32mEmail transporter initialized\u001b[39m","timestamp":"2025-09-01 06:38:34:3834"}
{"level":"\u001b[32minfo\u001b[39m","message":"\u001b[32mInitializing governance services...\u001b[39m","timestamp":"2025-09-01 06:38:34:3834"}
{"level":"\u001b[32minfo\u001b[39m","message":"\u001b[32mEmail transporter initialized\u001b[39m","timestamp":"2025-09-01 06:38:34:3834"}
{"level":"\u001b[32minfo\u001b[39m","message":"\u001b[32mStarting Workflow Engine...\u001b[39m","timestamp":"2025-09-01 06:38:34:3834"}
{"level":"\u001b[32minfo\u001b[39m","message":"\u001b[32mLoaded 2 notification templates\u001b[39m","timestamp":"2025-09-01 06:38:35:3835"}
{"level":"\u001b[32minfo\u001b[39m","message":"\u001b[32mLoaded 2 notification templates\u001b[39m","timestamp":"2025-09-01 06:38:35:3835"}
{"level":"\u001b[32minfo\u001b[39m","message":"\u001b[32mLoaded 0 active workflow instances\u001b[39m","timestamp":"2025-09-01 06:38:35:3835"}
{"level":"\u001b[32minfo\u001b[39m","message":"\u001b[32mWorkflow Engine started successfully\u001b[39m","timestamp":"2025-09-01 06:38:35:3835"}
{"level":"\u001b[32minfo\u001b[39m","message":"\u001b[32mStarting Analytics Engine...\u001b[39m","timestamp":"2025-09-01 06:38:35:3835"}
{"level":"\u001b[32minfo\u001b[39m","message":"\u001b[32mLoaded 2 notification templates\u001b[39m","timestamp":"2025-09-01 06:38:35:3835"}
{"level":"\u001b[32minfo\u001b[39m","message":"\u001b[32mLoaded 2 notification templates\u001b[39m","timestamp":"2025-09-01 06:38:35:3835"}
{"level":"\u001b[32minfo\u001b[39m","message":"\u001b[32mLoaded 2 notification templates\u001b[39m","timestamp":"2025-09-01 06:38:35:3835"}
{"level":"\u001b[32minfo\u001b[39m","message":"\u001b[32mLoaded 1 analytics models\u001b[39m","timestamp":"2025-09-01 06:38:35:3835"}
{"level":"\u001b[32minfo\u001b[39m","message":"\u001b[32mAnalytics Engine started successfully\u001b[39m","timestamp":"2025-09-01 06:38:35:3835"}
{"level":"\u001b[32minfo\u001b[39m","message":"\u001b[32mStarting Reporting Service...\u001b[39m","timestamp":"2025-09-01 06:38:35:3835"}
{"level":"\u001b[32minfo\u001b[39m","message":"\u001b[32mLoaded 0 scheduled reports\u001b[39m","timestamp":"2025-09-01 06:38:35:3835"}
{"level":"\u001b[32minfo\u001b[39m","message":"\u001b[32mReporting Service started successfully\u001b[39m","timestamp":"2025-09-01 06:38:35:3835"}
{"level":"\u001b[32minfo\u001b[39m","message":"\u001b[32mAll governance services initialized successfully\u001b[39m","timestamp":"2025-09-01 06:38:35:3835"}
{"level":"\u001b[32minfo\u001b[39m","message":"\u001b[32mGovernance service running on port 3004\u001b[39m","timestamp":"2025-09-01 06:38:35:3835"}
{"level":"\u001b[32minfo\u001b[39m","message":"\u001b[32mEnvironment: development\u001b[39m","timestamp":"2025-09-01 06:38:35:3835"}
{"level":"\u001b[32minfo\u001b[39m","message":"\u001b[32mAPI endpoints available at: http://localhost:3004/api/v1\u001b[39m","timestamp":"2025-09-01 06:38:35:3835"}
{"level":"\u001b[32minfo\u001b[39m","message":"\u001b[32mHealth check available at: http://localhost:3004/health\u001b[39m","timestamp":"2025-09-01 06:38:35:3835"}
